#
# There is insufficient memory for the Java Runtime Environment to continue.
# Native memory allocation (malloc) failed to allocate 20631552 bytes for committing reserved memory.
# Possible reasons:
#   The system is out of physical RAM or swap space
#   In 32 bit mode, the process size limit was hit
# Possible solutions:
#   Reduce memory load on the system
#   Increase physical memory or swap space
#   Check if swap backing store is full
#   Use 64 bit Java on a 64 bit OS
#   Decrease Java heap size (-Xmx/-Xms)
#   Decrease number of Java threads
#   Decrease Java thread stack sizes (-Xss)
#   Set larger code cache with -XX:ReservedCodeCacheSize=
# This output file may be truncated or incomplete.
#
#  Out of Memory Error (os_linux.cpp:2809), pid=14311, tid=140123988502272
#
# JRE version: OpenJDK Runtime Environment (7.0_79-b14) (build 1.7.0_79-b14)
# Java VM: OpenJDK 64-Bit Server VM (24.79-b02 mixed mode linux-amd64 compressed oops)
# Derivative: IcedTea 2.5.6
# Distribution: Ubuntu 14.04 LTS, package 7u79-2.5.6-0ubuntu1.14.04.1
# Failed to write core dump. Core dumps have been disabled. To enable core dumping, try "ulimit -c unlimited" before starting Java again
#

---------------  T H R E A D  ---------------

Current thread (0x00007f712406c000):  VMThread [stack: 0x00007f71287f2000,0x00007f71288f3000] [id=14318]

Stack: [0x00007f71287f2000,0x00007f71288f3000],  sp=0x00007f71288f1590,  free space=1021k
Native frames: (J=compiled Java code, j=interpreted, Vv=VM code, C=native code)
V  [libjvm.so+0x94afd5]  VMError::report_and_die()+0x175
V  [libjvm.so+0x48b9f4]  report_vm_out_of_memory(char const*, int, unsigned long, char const*)+0x74
V  [libjvm.so+0x7c809b]  os::pd_commit_memory(char*, unsigned long, unsigned long, bool)+0xeb
V  [libjvm.so+0x7c2b3f]  os::commit_memory(char*, unsigned long, unsigned long, bool)+0x1f
V  [libjvm.so+0x947ec4]  VirtualSpace::expand_by(unsigned long, bool)+0x1c4
V  [libjvm.so+0x5618de]  OneContigSpaceCardGeneration::grow_by(unsigned long)+0x1e
V  [libjvm.so+0x561c26]  OneContigSpaceCardGeneration::expand(unsigned long, unsigned long)+0x96
V  [libjvm.so+0x5533b0]  GenCollectedHeap::do_collection(bool, bool, unsigned long, bool, int)+0x7a0
V  [libjvm.so+0x4254e2]  GenCollectorPolicy::satisfy_failed_allocation(unsigned long, bool)+0xb2
V  [libjvm.so+0x94c2d1]  VM_GenCollectForAllocation::doit()+0x81
V  [libjvm.so+0x950ed7]  VM_Operation::evaluate()+0x47
V  [libjvm.so+0x94f848]  VMThread::evaluate_operation(VM_Operation*)+0x318
V  [libjvm.so+0x94fca9]  VMThread::loop()+0x219
V  [libjvm.so+0x9500f2]  VMThread::run()+0x72
V  [libjvm.so+0x7c4f62]  java_start(Thread*)+0xf2

VM_Operation (0x00007f711c63adb0): GenCollectForAllocation, mode: safepoint, requested by thread 0x00007f710c01e000


---------------  P R O C E S S  ---------------

Java Threads: ( => current thread )
  0x00007f710c01e000 JavaThread "nREPL-worker-61" daemon [_thread_blocked, id=9358, stack(0x00007f711c53e000,0x00007f711c63f000)]
  0x00007f710c038800 JavaThread "clojure-agent-send-off-pool-120" [_thread_in_native, id=9357, stack(0x00007f711c33c000,0x00007f711c43d000)]
  0x00007f710c00f000 JavaThread "clojure-agent-send-off-pool-119" [_thread_in_native, id=9356, stack(0x00007f70ffcfd000,0x00007f70ffdfe000)]
  0x00007f710c004000 JavaThread "clojure-agent-send-off-pool-118" [_thread_blocked, id=9355, stack(0x00007f70ff9fa000,0x00007f70ffafb000)]
  0x00007f710c00c000 JavaThread "clojure-agent-send-off-pool-116" [_thread_blocked, id=9351, stack(0x00007f70ffbfc000,0x00007f70ffcfd000)]
  0x00007f7114001800 JavaThread "clojure-agent-send-off-pool-6" [_thread_in_native, id=14335, stack(0x00007f70ffeff000,0x00007f7100000000)]
  0x00007f710c002000 JavaThread "clojure-agent-send-off-pool-4" [_thread_blocked, id=14333, stack(0x00007f711c13a000,0x00007f711c23b000)]
  0x00007f71240a7000 JavaThread "Service Thread" daemon [_thread_blocked, id=14324, stack(0x00007f711deff000,0x00007f711e000000)]
  0x00007f71240a4000 JavaThread "C1 CompilerThread1" daemon [_thread_blocked, id=14323, stack(0x00007f7128024000,0x00007f7128125000)]
  0x00007f71240a2000 JavaThread "C2 CompilerThread0" daemon [_thread_blocked, id=14322, stack(0x00007f7128125000,0x00007f7128226000)]
  0x00007f712409f800 JavaThread "Signal Dispatcher" daemon [_thread_blocked, id=14321, stack(0x00007f7128226000,0x00007f7128327000)]
  0x00007f7124072800 JavaThread "Finalizer" daemon [_thread_blocked, id=14320, stack(0x00007f71285f0000,0x00007f71286f1000)]
  0x00007f7124070800 JavaThread "Reference Handler" daemon [_thread_blocked, id=14319, stack(0x00007f71286f1000,0x00007f71287f2000)]
  0x00007f712400a800 JavaThread "main" [_thread_blocked, id=14315, stack(0x00007f712c1d8000,0x00007f712c2d9000)]

Other Threads:
=>0x00007f712406c000 VMThread [stack: 0x00007f71287f2000,0x00007f71288f3000] [id=14318]
  0x00007f71240b1800 WatcherThread [stack: 0x00007f711ddfe000,0x00007f711deff000] [id=14325]

VM state:at safepoint (normal execution)

VM Mutex/Monitor currently owned by a thread:  ([mutex/lock_event])
[0x00007f7124006a50] Threads_lock - owner thread: 0x00007f712406c000
[0x00007f7124006f50] Heap_lock - owner thread: 0x00007f710c01e000

Heap
 def new generation   total 58176K, used 0K [0x00000000e6400000, 0x00000000ea310000, 0x00000000eb600000)
  eden space 51776K,   0% used [0x00000000e6400000, 0x00000000e6400000, 0x00000000e9690000)
  from space 6400K,   0% used [0x00000000e9cd0000, 0x00000000e9cd0000, 0x00000000ea310000)
  to   space 6400K,   0% used [0x00000000e9690000, 0x00000000e9690000, 0x00000000e9cd0000)
 tenured generation   total 147788K, used 144841K [0x00000000eb600000, 0x00000000f4653000, 0x00000000f5a00000)
   the space 147788K,  98% used [0x00000000eb600000, 0x00000000f4372788, 0x00000000f4372800, 0x00000000f4653000)
 compacting perm gen  total 21248K, used 15937K [0x00000000f5a00000, 0x00000000f6ec0000, 0x0000000100000000)
   the space 21248K,  75% used [0x00000000f5a00000, 0x00000000f69907e0, 0x00000000f6990800, 0x00000000f6ec0000)
No shared spaces configured.

Card table byte_map: [0x00007f712c109000,0x00007f712c1d8000] byte_map_base: 0x00007f712b9d7000

Polling page: 0x00007f712c2ea000

Code Cache  [0x00007f711e000000, 0x00007f711e550000, 0x00007f7124000000)
 total_blobs=2527 nmethods=2234 adapters=226 free_code_cache=92871Kb largest_free_block=95095232

Compilation events (10 events):
Event: 358142.605 Thread 0x00007f71240a4000 2274       1       java.net.Socket::isConnected (20 bytes)
Event: 358142.606 Thread 0x00007f71240a4000 nmethod 2274 0x00007f711e539210 code [0x00007f711e539360, 0x00007f711e5394d0]
Event: 358511.381 Thread 0x00007f71240a4000 2275       1       clojure.lang.RestFn::invoke (4805 bytes)
Event: 358511.424 Thread 0x00007f71240a4000 nmethod 2275 0x00007f711e539510 code [0x00007f711e539ea0, 0x00007f711e5425e0]
Event: 358560.703 Thread 0x00007f71240a4000 2276       1       clojure.lang.PersistentVector$TransientVector::pushTail (92 bytes)
Event: 358560.704 Thread 0x00007f71240a4000 nmethod 2276 0x00007f711e54e090 code [0x00007f711e54e240, 0x00007f711e54e740]
Event: 358560.705 Thread 0x00007f71240a4000 2277       1       clojure.lang.PersistentVector$TransientVector::ensureEditable (41 bytes)
Event: 358560.706 Thread 0x00007f71240a4000 nmethod 2277 0x00007f711e54ebd0 code [0x00007f711e54ed40, 0x00007f711e54efa0]
Event: 358560.721 Thread 0x00007f71240a4000 2278       1       clojure.core$apply::invoke (40 bytes)
Event: 358560.722 Thread 0x00007f71240a4000 nmethod 2278 0x00007f711e54f0d0 code [0x00007f711e54f260, 0x00007f711e54f4f0]

GC Heap History (10 events):
Event: 358689.956 GC heap after
Heap after GC invocations=10381 (full 8):
 def new generation   total 30976K, used 3392K [0x00000000e6400000, 0x00000000e8590000, 0x00000000eb600000)
  eden space 27584K,   0% used [0x00000000e6400000, 0x00000000e6400000, 0x00000000e7ef0000)
  from space 3392K, 100% used [0x00000000e8240000, 0x00000000e8590000, 0x00000000e8590000)
  to   space 3392K,   0% used [0x00000000e7ef0000, 0x00000000e7ef0000, 0x00000000e8240000)
 tenured generation   total 68640K, used 49641K [0x00000000eb600000, 0x00000000ef908000, 0x00000000f5a00000)
   the space 68640K,  72% used [0x00000000eb600000, 0x00000000ee67a5b8, 0x00000000ee67a600, 0x00000000ef908000)
 compacting perm gen  total 21248K, used 15937K [0x00000000f5a00000, 0x00000000f6ec0000, 0x0000000100000000)
   the space 21248K,  75% used [0x00000000f5a00000, 0x00000000f69907e0, 0x00000000f6990800, 0x00000000f6ec0000)
No shared spaces configured.
}
Event: 358690.193 GC heap before
{Heap before GC invocations=10381 (full 8):
 def new generation   total 30976K, used 30976K [0x00000000e6400000, 0x00000000e8590000, 0x00000000eb600000)
  eden space 27584K, 100% used [0x00000000e6400000, 0x00000000e7ef0000, 0x00000000e7ef0000)
  from space 3392K, 100% used [0x00000000e8240000, 0x00000000e8590000, 0x00000000e8590000)
  to   space 3392K,   0% used [0x00000000e7ef0000, 0x00000000e7ef0000, 0x00000000e8240000)
 tenured generation   total 68640K, used 49641K [0x00000000eb600000, 0x00000000ef908000, 0x00000000f5a00000)
   the space 68640K,  72% used [0x00000000eb600000, 0x00000000ee67a5b8, 0x00000000ee67a600, 0x00000000ef908000)
 compacting perm gen  total 21248K, used 15937K [0x00000000f5a00000, 0x00000000f6ec0000, 0x0000000100000000)
   the space 21248K,  75% used [0x00000000f5a00000, 0x00000000f69907e0, 0x00000000f6990800, 0x00000000f6ec0000)
No shared spaces configured.
Event: 358690.265 GC heap after
Heap after GC invocations=10382 (full 8):
 def new generation   total 30976K, used 3391K [0x00000000e6400000, 0x00000000e8590000, 0x00000000eb600000)
  eden space 27584K,   0% used [0x00000000e6400000, 0x00000000e6400000, 0x00000000e7ef0000)
  from space 3392K,  99% used [0x00000000e7ef0000, 0x00000000e823fff8, 0x00000000e8240000)
  to   space 3392K,   0% used [0x00000000e8240000, 0x00000000e8240000, 0x00000000e8590000)
 tenured generation   total 68640K, used 66749K [0x00000000eb600000, 0x00000000ef908000, 0x00000000f5a00000)
   the space 68640K,  97% used [0x00000000eb600000, 0x00000000ef72f420, 0x00000000ef72f600, 0x00000000ef908000)
 compacting perm gen  total 21248K, used 15937K [0x00000000f5a00000, 0x00000000f6ec0000, 0x0000000100000000)
   the space 21248K,  75% used [0x00000000f5a00000, 0x00000000f69907e0, 0x00000000f6990800, 0x00000000f6ec0000)
No shared spaces configured.
}
Event: 358690.634 GC heap before
{Heap before GC invocations=10382 (full 8):
 def new generation   total 30976K, used 30975K [0x00000000e6400000, 0x00000000e8590000, 0x00000000eb600000)
  eden space 27584K, 100% used [0x00000000e6400000, 0x00000000e7ef0000, 0x00000000e7ef0000)
  from space 3392K,  99% used [0x00000000e7ef0000, 0x00000000e823fff8, 0x00000000e8240000)
  to   space 3392K,   0% used [0x00000000e8240000, 0x00000000e8240000, 0x00000000e8590000)
 tenured generation   total 68640K, used 66749K [0x00000000eb600000, 0x00000000ef908000, 0x00000000f5a00000)
   the space 68640K,  97% used [0x00000000eb600000, 0x00000000ef72f420, 0x00000000ef72f600, 0x00000000ef908000)
 compacting perm gen  total 21248K, used 15937K [0x00000000f5a00000, 0x00000000f6ec0000, 0x0000000100000000)
   the space 21248K,  75% used [0x00000000f5a00000, 0x00000000f69907e0, 0x00000000f6990800, 0x00000000f6ec0000)
No shared spaces configured.
Event: 358690.895 GC heap after
Heap after GC invocations=10383 (full 9):
 def new generation   total 58176K, used 0K [0x00000000e6400000, 0x00000000ea310000, 0x00000000eb600000)
  eden space 51776K,   0% used [0x00000000e6400000, 0x00000000e6400000, 0x00000000e9690000)
  from space 6400K,   0% used [0x00000000e9690000, 0x00000000e9690000, 0x00000000e9cd0000)
  to   space 6400K,   0% used [0x00000000e9cd0000, 0x00000000e9cd0000, 0x00000000ea310000)
 tenured generation   total 128972K, used 77382K [0x00000000eb600000, 0x00000000f33f3000, 0x00000000f5a00000)
   the space 128972K,  59% used [0x00000000eb600000, 0x00000000f0191828, 0x00000000f0191a00, 0x00000000f33f3000)
 compacting perm gen  total 21248K, used 15937K [0x00000000f5a00000, 0x00000000f6ec0000, 0x0000000100000000)
   the space 21248K,  75% used [0x00000000f5a00000, 0x00000000f69907e0, 0x00000000f6990800, 0x00000000f6ec0000)
No shared spaces configured.
}
Event: 358691.594 GC heap before
{Heap before GC invocations=10383 (full 9):
 def new generation   total 58176K, used 50811K [0x00000000e6400000, 0x00000000ea310000, 0x00000000eb600000)
  eden space 51776K,  98% used [0x00000000e6400000, 0x00000000e959ee38, 0x00000000e9690000)
  from space 6400K,   0% used [0x00000000e9690000, 0x00000000e9690000, 0x00000000e9cd0000)
  to   space 6400K,   0% used [0x00000000e9cd0000, 0x00000000e9cd0000, 0x00000000ea310000)
 tenured generation   total 128972K, used 77382K [0x00000000eb600000, 0x00000000f33f3000, 0x00000000f5a00000)
   the space 128972K,  59% used [0x00000000eb600000, 0x00000000f0191828, 0x00000000f0191a00, 0x00000000f33f3000)
 compacting perm gen  total 21248K, used 15937K [0x00000000f5a00000, 0x00000000f6ec0000, 0x0000000100000000)
   the space 21248K,  75% used [0x00000000f5a00000, 0x00000000f69907e0, 0x00000000f6990800, 0x00000000f6ec0000)
No shared spaces configured.
Event: 358691.684 GC heap after
Heap after GC invocations=10384 (full 9):
 def new generation   total 58176K, used 6399K [0x00000000e6400000, 0x00000000ea310000, 0x00000000eb600000)
  eden space 51776K,   0% used [0x00000000e6400000, 0x00000000e6400000, 0x00000000e9690000)
  from space 6400K,  99% used [0x00000000e9cd0000, 0x00000000ea30fff8, 0x00000000ea310000)
  to   space 6400K,   0% used [0x00000000e9690000, 0x00000000e9690000, 0x00000000e9cd0000)
 tenured generation   total 128972K, used 92654K [0x00000000eb600000, 0x00000000f33f3000, 0x00000000f5a00000)
   the space 128972K,  71% used [0x00000000eb600000, 0x00000000f107bb30, 0x00000000f107bc00, 0x00000000f33f3000)
 compacting perm gen  total 21248K, used 15937K [0x00000000f5a00000, 0x00000000f6ec0000, 0x0000000100000000)
   the space 21248K,  75% used [0x00000000f5a00000, 0x00000000f69907e0, 0x00000000f6990800, 0x00000000f6ec0000)
No shared spaces configured.
}
Event: 358692.116 GC heap before
{Heap before GC invocations=10384 (full 9):
 def new generation   total 58176K, used 58175K [0x00000000e6400000, 0x00000000ea310000, 0x00000000eb600000)
  eden space 51776K, 100% used [0x00000000e6400000, 0x00000000e9690000, 0x00000000e9690000)
  from space 6400K,  99% used [0x00000000e9cd0000, 0x00000000ea30fff8, 0x00000000ea310000)
  to   space 6400K,   0% used [0x00000000e9690000, 0x00000000e9690000, 0x00000000e9cd0000)
 tenured generation   total 128972K, used 92654K [0x00000000eb600000, 0x00000000f33f3000, 0x00000000f5a00000)
   the space 128972K,  71% used [0x00000000eb600000, 0x00000000f107bb30, 0x00000000f107bc00, 0x00000000f33f3000)
 compacting perm gen  total 21248K, used 15937K [0x00000000f5a00000, 0x00000000f6ec0000, 0x0000000100000000)
   the space 21248K,  75% used [0x00000000f5a00000, 0x00000000f69907e0, 0x00000000f6990800, 0x00000000f6ec0000)
No shared spaces configured.
Event: 358692.227 GC heap after
Heap after GC invocations=10385 (full 9):
 def new generation   total 58176K, used 6400K [0x00000000e6400000, 0x00000000ea310000, 0x00000000eb600000)
  eden space 51776K,   0% used [0x00000000e6400000, 0x00000000e6400000, 0x00000000e9690000)
  from space 6400K, 100% used [0x00000000e9690000, 0x00000000e9cd0000, 0x00000000e9cd0000)
  to   space 6400K,   0% used [0x00000000e9cd0000, 0x00000000e9cd0000, 0x00000000ea310000)
 tenured generation   total 128972K, used 125412K [0x00000000eb600000, 0x00000000f33f3000, 0x00000000f5a00000)
   the space 128972K,  97% used [0x00000000eb600000, 0x00000000f30792d8, 0x00000000f3079400, 0x00000000f33f3000)
 compacting perm gen  total 21248K, used 15937K [0x00000000f5a00000, 0x00000000f6ec0000, 0x0000000100000000)
   the space 21248K,  75% used [0x00000000f5a00000, 0x00000000f69907e0, 0x00000000f6990800, 0x00000000f6ec0000)
No shared spaces configured.
}
Event: 358692.888 GC heap before
{Heap before GC invocations=10385 (full 9):
 def new generation   total 58176K, used 58176K [0x00000000e6400000, 0x00000000ea310000, 0x00000000eb600000)
  eden space 51776K, 100% used [0x00000000e6400000, 0x00000000e9690000, 0x00000000e9690000)
  from space 6400K, 100% used [0x00000000e9690000, 0x00000000e9cd0000, 0x00000000e9cd0000)
  to   space 6400K,   0% used [0x00000000e9cd0000, 0x00000000e9cd0000, 0x00000000ea310000)
 tenured generation   total 128972K, used 125412K [0x00000000eb600000, 0x00000000f33f3000, 0x00000000f5a00000)
   the space 128972K,  97% used [0x00000000eb600000, 0x00000000f30792d8, 0x00000000f3079400, 0x00000000f33f3000)
 compacting perm gen  total 21248K, used 15937K [0x00000000f5a00000, 0x00000000f6ec0000, 0x0000000100000000)
   the space 21248K,  75% used [0x00000000f5a00000, 0x00000000f69907e0, 0x00000000f6990800, 0x00000000f6ec0000)
No shared spaces configured.

Deoptimization events (0 events):
No events

Internal exceptions (10 events):
Event: 358560.725 Thread 0x00007f710c01e000 Threw 0x00000000e6a2c298 at /build/openjdk-7-FO0dNI/openjdk-7-7u79-2.5.6/build/openjdk/hotspot/src/share/vm/prims/jvm.cpp:1284
Event: 358560.725 Thread 0x00007f710c01e000 Threw 0x00000000e6a2c938 at /build/openjdk-7-FO0dNI/openjdk-7-7u79-2.5.6/build/openjdk/hotspot/src/share/vm/prims/jvm.cpp:1284
Event: 358560.725 Thread 0x00007f710c01e000 Threw 0x00000000e6a2cfd8 at /build/openjdk-7-FO0dNI/openjdk-7-7u79-2.5.6/build/openjdk/hotspot/src/share/vm/prims/jvm.cpp:1284
Event: 358560.726 Thread 0x00007f710c01e000 Threw 0x00000000e6a2de48 at /build/openjdk-7-FO0dNI/openjdk-7-7u79-2.5.6/build/openjdk/hotspot/src/share/vm/prims/jvm.cpp:1284
Event: 358560.726 Thread 0x00007f710c01e000 Threw 0x00000000e6a30b08 at /build/openjdk-7-FO0dNI/openjdk-7-7u79-2.5.6/build/openjdk/hotspot/src/share/vm/prims/jvm.cpp:1284
Event: 358560.726 Thread 0x00007f710c01e000 Threw 0x00000000e6a311a8 at /build/openjdk-7-FO0dNI/openjdk-7-7u79-2.5.6/build/openjdk/hotspot/src/share/vm/prims/jvm.cpp:1284
Event: 358560.726 Thread 0x00007f710c01e000 Threw 0x00000000e6a31848 at /build/openjdk-7-FO0dNI/openjdk-7-7u79-2.5.6/build/openjdk/hotspot/src/share/vm/prims/jvm.cpp:1284
Event: 358560.726 Thread 0x00007f710c01e000 Threw 0x00000000e6a31ee8 at /build/openjdk-7-FO0dNI/openjdk-7-7u79-2.5.6/build/openjdk/hotspot/src/share/vm/prims/jvm.cpp:1284
Event: 358560.726 Thread 0x00007f710c01e000 Threw 0x00000000e6a32588 at /build/openjdk-7-FO0dNI/openjdk-7-7u79-2.5.6/build/openjdk/hotspot/src/share/vm/prims/jvm.cpp:1284
Event: 358560.726 Thread 0x00007f710c01e000 Threw 0x00000000e6a32c28 at /build/openjdk-7-FO0dNI/openjdk-7-7u79-2.5.6/build/openjdk/hotspot/src/share/vm/prims/jvm.cpp:1284

Events (10 events):
Event: 358689.956 Executing VM operation: GenCollectForAllocation done
Event: 358690.193 Executing VM operation: GenCollectForAllocation
Event: 358690.266 Executing VM operation: GenCollectForAllocation done
Event: 358690.634 Executing VM operation: GenCollectForAllocation
Event: 358690.895 Executing VM operation: GenCollectForAllocation done
Event: 358691.593 Executing VM operation: GenCollectForAllocation
Event: 358691.684 Executing VM operation: GenCollectForAllocation done
Event: 358692.116 Executing VM operation: GenCollectForAllocation
Event: 358692.227 Executing VM operation: GenCollectForAllocation done
Event: 358692.887 Executing VM operation: GenCollectForAllocation


Dynamic libraries:
00400000-00401000 r-xp 00000000 fd:01 1076004                            /usr/lib/jvm/java-7-openjdk-amd64/jre/bin/java
00600000-00601000 r--p 00000000 fd:01 1076004                            /usr/lib/jvm/java-7-openjdk-amd64/jre/bin/java
00601000-00602000 rw-p 00001000 fd:01 1076004                            /usr/lib/jvm/java-7-openjdk-amd64/jre/bin/java
01931000-019b7000 rw-p 00000000 00:00 0                                  [heap]
e6400000-ea310000 rw-p 00000000 00:00 0 
ea310000-eb600000 rw-p 00000000 00:00 0 
eb600000-f4653000 rw-p 00000000 00:00 0 
f5a00000-f6ec0000 rw-p 00000000 00:00 0 
f6ec0000-100000000 rw-p 00000000 00:00 0 
7f70ff9fa000-7f70ff9fd000 ---p 00000000 00:00 0 
7f70ff9fd000-7f70ffafb000 rw-p 00000000 00:00 0                          [stack:9355]
7f70ffafb000-7f70ffafe000 ---p 00000000 00:00 0 
7f70ffafe000-7f70ffbfc000 rw-p 00000000 00:00 0 
7f70ffbfc000-7f70ffbff000 ---p 00000000 00:00 0 
7f70ffbff000-7f70ffcfd000 rw-p 00000000 00:00 0                          [stack:9351]
7f70ffcfd000-7f70ffd00000 ---p 00000000 00:00 0 
7f70ffd00000-7f70ffdfe000 rw-p 00000000 00:00 0                          [stack:9356]
7f70ffdfe000-7f70ffe01000 ---p 00000000 00:00 0 
7f70ffe01000-7f70ffeff000 rw-p 00000000 00:00 0 
7f70ffeff000-7f70fff02000 ---p 00000000 00:00 0 
7f70fff02000-7f7100000000 rw-p 00000000 00:00 0                          [stack:14335]
7f7100000000-7f7100647000 rw-p 00000000 00:00 0 
7f7100647000-7f7104000000 ---p 00000000 00:00 0 
7f7104000000-7f7104021000 rw-p 00000000 00:00 0 
7f7104021000-7f7108000000 ---p 00000000 00:00 0 
7f7108000000-7f7108242000 rw-p 00000000 00:00 0 
7f7108242000-7f710c000000 ---p 00000000 00:00 0 
7f710c000000-7f710c065000 rw-p 00000000 00:00 0 
7f710c065000-7f7110000000 ---p 00000000 00:00 0 
7f7110000000-7f7110021000 rw-p 00000000 00:00 0 
7f7110021000-7f7114000000 ---p 00000000 00:00 0 
7f7114000000-7f7114021000 rw-p 00000000 00:00 0 
7f7114021000-7f7118000000 ---p 00000000 00:00 0 
7f7118000000-7f711835c000 rw-p 00000000 00:00 0 
7f711835c000-7f711c000000 ---p 00000000 00:00 0 
7f711c039000-7f711c03c000 ---p 00000000 00:00 0 
7f711c03c000-7f711c13a000 rw-p 00000000 00:00 0 
7f711c13a000-7f711c13d000 ---p 00000000 00:00 0 
7f711c13d000-7f711c23b000 rw-p 00000000 00:00 0                          [stack:14333]
7f711c23b000-7f711c23e000 ---p 00000000 00:00 0 
7f711c23e000-7f711c33c000 rw-p 00000000 00:00 0 
7f711c33c000-7f711c33f000 ---p 00000000 00:00 0 
7f711c33f000-7f711c43d000 rw-p 00000000 00:00 0                          [stack:9357]
7f711c43d000-7f711c440000 ---p 00000000 00:00 0 
7f711c440000-7f711c53e000 rw-p 00000000 00:00 0 
7f711c53e000-7f711c541000 ---p 00000000 00:00 0 
7f711c541000-7f711c63f000 rw-p 00000000 00:00 0                          [stack:9358]
7f711c63f000-7f711c67c000 r-xp 00000000 fd:01 393327                     /lib/x86_64-linux-gnu/libpcre.so.3.13.1
7f711c67c000-7f711c87b000 ---p 0003d000 fd:01 393327                     /lib/x86_64-linux-gnu/libpcre.so.3.13.1
7f711c87b000-7f711c87c000 r--p 0003c000 fd:01 393327                     /lib/x86_64-linux-gnu/libpcre.so.3.13.1
7f711c87c000-7f711c87d000 rw-p 0003d000 fd:01 393327                     /lib/x86_64-linux-gnu/libpcre.so.3.13.1
7f711c87d000-7f711c884000 r-xp 00000000 fd:01 920338                     /usr/lib/x86_64-linux-gnu/libffi.so.6.0.1
7f711c884000-7f711ca83000 ---p 00007000 fd:01 920338                     /usr/lib/x86_64-linux-gnu/libffi.so.6.0.1
7f711ca83000-7f711ca84000 r--p 00006000 fd:01 920338                     /usr/lib/x86_64-linux-gnu/libffi.so.6.0.1
7f711ca84000-7f711ca85000 rw-p 00007000 fd:01 920338                     /usr/lib/x86_64-linux-gnu/libffi.so.6.0.1
7f711ca85000-7f711ca9c000 r-xp 00000000 fd:01 393474                     /lib/x86_64-linux-gnu/libresolv-2.19.so
7f711ca9c000-7f711cc9c000 ---p 00017000 fd:01 393474                     /lib/x86_64-linux-gnu/libresolv-2.19.so
7f711cc9c000-7f711cc9d000 r--p 00017000 fd:01 393474                     /lib/x86_64-linux-gnu/libresolv-2.19.so
7f711cc9d000-7f711cc9e000 rw-p 00018000 fd:01 393474                     /lib/x86_64-linux-gnu/libresolv-2.19.so
7f711cc9e000-7f711cca0000 rw-p 00000000 00:00 0 
7f711cca0000-7f711ccc0000 r-xp 00000000 fd:01 393377                     /lib/x86_64-linux-gnu/libselinux.so.1
7f711ccc0000-7f711cebf000 ---p 00020000 fd:01 393377                     /lib/x86_64-linux-gnu/libselinux.so.1
7f711cebf000-7f711cec0000 r--p 0001f000 fd:01 393377                     /lib/x86_64-linux-gnu/libselinux.so.1
7f711cec0000-7f711cec1000 rw-p 00020000 fd:01 393377                     /lib/x86_64-linux-gnu/libselinux.so.1
7f711cec1000-7f711cec3000 rw-p 00000000 00:00 0 
7f711cec3000-7f711cec6000 r-xp 00000000 fd:01 920171                     /usr/lib/x86_64-linux-gnu/libgmodule-2.0.so.0.4002.0
7f711cec6000-7f711d0c5000 ---p 00003000 fd:01 920171                     /usr/lib/x86_64-linux-gnu/libgmodule-2.0.so.0.4002.0
7f711d0c5000-7f711d0c6000 r--p 00002000 fd:01 920171                     /usr/lib/x86_64-linux-gnu/libgmodule-2.0.so.0.4002.0
7f711d0c6000-7f711d0c7000 rw-p 00003000 fd:01 920171                     /usr/lib/x86_64-linux-gnu/libgmodule-2.0.so.0.4002.0
7f711d0c7000-7f711d1cd000 r-xp 00000000 fd:01 393346                     /lib/x86_64-linux-gnu/libglib-2.0.so.0.4002.0
7f711d1cd000-7f711d3cc000 ---p 00106000 fd:01 393346                     /lib/x86_64-linux-gnu/libglib-2.0.so.0.4002.0
7f711d3cc000-7f711d3cd000 r--p 00105000 fd:01 393346                     /lib/x86_64-linux-gnu/libglib-2.0.so.0.4002.0
7f711d3cd000-7f711d3ce000 rw-p 00106000 fd:01 393346                     /lib/x86_64-linux-gnu/libglib-2.0.so.0.4002.0
7f711d3ce000-7f711d3cf000 rw-p 00000000 00:00 0 
7f711d3cf000-7f711d41e000 r-xp 00000000 fd:01 920172                     /usr/lib/x86_64-linux-gnu/libgobject-2.0.so.0.4002.0
7f711d41e000-7f711d61e000 ---p 0004f000 fd:01 920172                     /usr/lib/x86_64-linux-gnu/libgobject-2.0.so.0.4002.0
7f711d61e000-7f711d61f000 r--p 0004f000 fd:01 920172                     /usr/lib/x86_64-linux-gnu/libgobject-2.0.so.0.4002.0
7f711d61f000-7f711d620000 rw-p 00050000 fd:01 920172                     /usr/lib/x86_64-linux-gnu/libgobject-2.0.so.0.4002.0
7f711d620000-7f711d78c000 r-xp 00000000 fd:01 920174                     /usr/lib/x86_64-linux-gnu/libgio-2.0.so.0.4002.0
7f711d78c000-7f711d98b000 ---p 0016c000 fd:01 920174                     /usr/lib/x86_64-linux-gnu/libgio-2.0.so.0.4002.0
7f711d98b000-7f711d98f000 r--p 0016b000 fd:01 920174                     /usr/lib/x86_64-linux-gnu/libgio-2.0.so.0.4002.0
7f711d98f000-7f711d991000 rw-p 0016f000 fd:01 920174                     /usr/lib/x86_64-linux-gnu/libgio-2.0.so.0.4002.0
7f711d991000-7f711d993000 rw-p 00000000 00:00 0 
7f711d993000-7f711d9aa000 r-xp 00000000 fd:01 1075954                    /usr/lib/jvm/java-7-openjdk-amd64/jre/lib/amd64/libnet.so
7f711d9aa000-7f711dba9000 ---p 00017000 fd:01 1075954                    /usr/lib/jvm/java-7-openjdk-amd64/jre/lib/amd64/libnet.so
7f711dba9000-7f711dbaa000 r--p 00016000 fd:01 1075954                    /usr/lib/jvm/java-7-openjdk-amd64/jre/lib/amd64/libnet.so
7f711dbaa000-7f711dbab000 rw-p 00017000 fd:01 1075954                    /usr/lib/jvm/java-7-openjdk-amd64/jre/lib/amd64/libnet.so
7f711dbab000-7f711dbbb000 r-xp 00000000 fd:01 1075959                    /usr/lib/jvm/java-7-openjdk-amd64/jre/lib/amd64/libnio.so
7f711dbbb000-7f711ddbb000 ---p 00010000 fd:01 1075959                    /usr/lib/jvm/java-7-openjdk-amd64/jre/lib/amd64/libnio.so
7f711ddbb000-7f711ddbc000 r--p 00010000 fd:01 1075959                    /usr/lib/jvm/java-7-openjdk-amd64/jre/lib/amd64/libnio.so
7f711ddbc000-7f711ddbd000 rw-p 00011000 fd:01 1075959                    /usr/lib/jvm/java-7-openjdk-amd64/jre/lib/amd64/libnio.so
7f711ddbd000-7f711ddfe000 r--s 00368000 fd:01 1204036                    /root/.m2/repository/org/clojure/clojure/1.7.0/clojure-1.7.0.jar
7f711ddfe000-7f711ddff000 ---p 00000000 00:00 0 
7f711ddff000-7f711deff000 rw-p 00000000 00:00 0                          [stack:14325]
7f711deff000-7f711df02000 ---p 00000000 00:00 0 
7f711df02000-7f711e000000 rw-p 00000000 00:00 0                          [stack:14324]
7f711e000000-7f711e550000 rwxp 00000000 00:00 0 
7f711e550000-7f7125253000 rw-p 00000000 00:00 0 
7f7125253000-7f7128000000 ---p 00000000 00:00 0 
7f7128024000-7f7128027000 ---p 00000000 00:00 0 
7f7128027000-7f7128125000 rw-p 00000000 00:00 0                          [stack:14323]
7f7128125000-7f7128128000 ---p 00000000 00:00 0 
7f7128128000-7f7128226000 rw-p 00000000 00:00 0                          [stack:14322]
7f7128226000-7f7128229000 ---p 00000000 00:00 0 
7f7128229000-7f7128327000 rw-p 00000000 00:00 0                          [stack:14321]
7f7128327000-7f71285f0000 r--p 00000000 fd:01 923282                     /usr/lib/locale/locale-archive
7f71285f0000-7f71285f3000 ---p 00000000 00:00 0 
7f71285f3000-7f71286f1000 rw-p 00000000 00:00 0                          [stack:14320]
7f71286f1000-7f71286f4000 ---p 00000000 00:00 0 
7f71286f4000-7f71287f2000 rw-p 00000000 00:00 0                          [stack:14319]
7f71287f2000-7f71287f3000 ---p 00000000 00:00 0 
7f71287f3000-7f712893c000 rw-p 00000000 00:00 0                          [stack:14318]
7f712893c000-7f7128aed000 r--s 01d29000 fd:01 1075892                    /usr/lib/jvm/java-7-openjdk-amd64/jre/lib/rt.jar
7f7128aed000-7f7128bf1000 rw-p 00000000 00:00 0 
7f7128bf1000-7f7128c3a000 rw-p 00000000 00:00 0 
7f7128c3a000-7f7128c83000 rw-p 00000000 00:00 0 
7f7128c83000-7f7128c8d000 rw-p 00000000 00:00 0 
7f7128c8d000-7f7128ca3000 rw-p 00000000 00:00 0 
7f7128ca3000-7f7128e0d000 rw-p 00000000 00:00 0 
7f7128e0d000-7f7128e15000 r-xp 00000000 fd:01 1075925                    /usr/lib/jvm/java-7-openjdk-amd64/jre/lib/amd64/libzip.so
7f7128e15000-7f7129014000 ---p 00008000 fd:01 1075925                    /usr/lib/jvm/java-7-openjdk-amd64/jre/lib/amd64/libzip.so
7f7129014000-7f7129015000 r--p 00007000 fd:01 1075925                    /usr/lib/jvm/java-7-openjdk-amd64/jre/lib/amd64/libzip.so
7f7129015000-7f7129016000 rw-p 00008000 fd:01 1075925                    /usr/lib/jvm/java-7-openjdk-amd64/jre/lib/amd64/libzip.so
7f7129016000-7f7129021000 r-xp 00000000 fd:01 406759                     /lib/x86_64-linux-gnu/libnss_files-2.19.so
7f7129021000-7f7129220000 ---p 0000b000 fd:01 406759                     /lib/x86_64-linux-gnu/libnss_files-2.19.so
7f7129220000-7f7129221000 r--p 0000a000 fd:01 406759                     /lib/x86_64-linux-gnu/libnss_files-2.19.so
7f7129221000-7f7129222000 rw-p 0000b000 fd:01 406759                     /lib/x86_64-linux-gnu/libnss_files-2.19.so
7f7129222000-7f712922d000 r-xp 00000000 fd:01 406779                     /lib/x86_64-linux-gnu/libnss_nis-2.19.so
7f712922d000-7f712942c000 ---p 0000b000 fd:01 406779                     /lib/x86_64-linux-gnu/libnss_nis-2.19.so
7f712942c000-7f712942d000 r--p 0000a000 fd:01 406779                     /lib/x86_64-linux-gnu/libnss_nis-2.19.so
7f712942d000-7f712942e000 rw-p 0000b000 fd:01 406779                     /lib/x86_64-linux-gnu/libnss_nis-2.19.so
7f712942e000-7f7129445000 r-xp 00000000 fd:01 406768                     /lib/x86_64-linux-gnu/libnsl-2.19.so
7f7129445000-7f7129644000 ---p 00017000 fd:01 406768                     /lib/x86_64-linux-gnu/libnsl-2.19.so
7f7129644000-7f7129645000 r--p 00016000 fd:01 406768                     /lib/x86_64-linux-gnu/libnsl-2.19.so
7f7129645000-7f7129646000 rw-p 00017000 fd:01 406768                     /lib/x86_64-linux-gnu/libnsl-2.19.so
7f7129646000-7f7129648000 rw-p 00000000 00:00 0 
7f7129648000-7f7129651000 r-xp 00000000 fd:01 406767                     /lib/x86_64-linux-gnu/libnss_compat-2.19.so
7f7129651000-7f7129850000 ---p 00009000 fd:01 406767                     /lib/x86_64-linux-gnu/libnss_compat-2.19.so
7f7129850000-7f7129851000 r--p 00008000 fd:01 406767                     /lib/x86_64-linux-gnu/libnss_compat-2.19.so
7f7129851000-7f7129852000 rw-p 00009000 fd:01 406767                     /lib/x86_64-linux-gnu/libnss_compat-2.19.so
7f7129852000-7f712987d000 r-xp 00000000 fd:01 1075962                    /usr/lib/jvm/java-7-openjdk-amd64/jre/lib/amd64/libjava.so
7f712987d000-7f7129a7c000 ---p 0002b000 fd:01 1075962                    /usr/lib/jvm/java-7-openjdk-amd64/jre/lib/amd64/libjava.so
7f7129a7c000-7f7129a7d000 r--p 0002a000 fd:01 1075962                    /usr/lib/jvm/java-7-openjdk-amd64/jre/lib/amd64/libjava.so
7f7129a7d000-7f7129a7f000 rw-p 0002b000 fd:01 1075962                    /usr/lib/jvm/java-7-openjdk-amd64/jre/lib/amd64/libjava.so
7f7129a7f000-7f7129a8f000 r-xp 00000000 fd:01 1075943                    /usr/lib/jvm/java-7-openjdk-amd64/jre/lib/amd64/libverify.so
7f7129a8f000-7f7129c8e000 ---p 00010000 fd:01 1075943                    /usr/lib/jvm/java-7-openjdk-amd64/jre/lib/amd64/libverify.so
7f7129c8e000-7f7129c90000 r--p 0000f000 fd:01 1075943                    /usr/lib/jvm/java-7-openjdk-amd64/jre/lib/amd64/libverify.so
7f7129c90000-7f7129c91000 rw-p 00011000 fd:01 1075943                    /usr/lib/jvm/java-7-openjdk-amd64/jre/lib/amd64/libverify.so
7f7129c91000-7f7129c98000 r-xp 00000000 fd:01 406776                     /lib/x86_64-linux-gnu/librt-2.19.so
7f7129c98000-7f7129e97000 ---p 00007000 fd:01 406776                     /lib/x86_64-linux-gnu/librt-2.19.so
7f7129e97000-7f7129e98000 r--p 00006000 fd:01 406776                     /lib/x86_64-linux-gnu/librt-2.19.so
7f7129e98000-7f7129e99000 rw-p 00007000 fd:01 406776                     /lib/x86_64-linux-gnu/librt-2.19.so
7f7129e99000-7f7129eaf000 r-xp 00000000 fd:01 393365                     /lib/x86_64-linux-gnu/libgcc_s.so.1
7f7129eaf000-7f712a0ae000 ---p 00016000 fd:01 393365                     /lib/x86_64-linux-gnu/libgcc_s.so.1
7f712a0ae000-7f712a0af000 rw-p 00015000 fd:01 393365                     /lib/x86_64-linux-gnu/libgcc_s.so.1
7f712a0af000-7f712a1b4000 r-xp 00000000 fd:01 406758                     /lib/x86_64-linux-gnu/libm-2.19.so
7f712a1b4000-7f712a3b3000 ---p 00105000 fd:01 406758                     /lib/x86_64-linux-gnu/libm-2.19.so
7f712a3b3000-7f712a3b4000 r--p 00104000 fd:01 406758                     /lib/x86_64-linux-gnu/libm-2.19.so
7f712a3b4000-7f712a3b5000 rw-p 00105000 fd:01 406758                     /lib/x86_64-linux-gnu/libm-2.19.so
7f712a3b5000-7f712a49b000 r-xp 00000000 fd:01 917891                     /usr/lib/x86_64-linux-gnu/libstdc++.so.6.0.19
7f712a49b000-7f712a69a000 ---p 000e6000 fd:01 917891                     /usr/lib/x86_64-linux-gnu/libstdc++.so.6.0.19
7f712a69a000-7f712a6a2000 r--p 000e5000 fd:01 917891                     /usr/lib/x86_64-linux-gnu/libstdc++.so.6.0.19
7f712a6a2000-7f712a6a4000 rw-p 000ed000 fd:01 917891                     /usr/lib/x86_64-linux-gnu/libstdc++.so.6.0.19
7f712a6a4000-7f712a6b9000 rw-p 00000000 00:00 0 
7f712a6b9000-7f712b1d2000 r-xp 00000000 fd:01 1075931                    /usr/lib/jvm/java-7-openjdk-amd64/jre/lib/amd64/server/libjvm.so
7f712b1d2000-7f712b3d2000 ---p 00b19000 fd:01 1075931                    /usr/lib/jvm/java-7-openjdk-amd64/jre/lib/amd64/server/libjvm.so
7f712b3d2000-7f712b46c000 r--p 00b19000 fd:01 1075931                    /usr/lib/jvm/java-7-openjdk-amd64/jre/lib/amd64/server/libjvm.so
7f712b46c000-7f712b48f000 rw-p 00bb3000 fd:01 1075931                    /usr/lib/jvm/java-7-openjdk-amd64/jre/lib/amd64/server/libjvm.so
7f712b48f000-7f712b4bd000 rw-p 00000000 00:00 0 
7f712b4bd000-7f712b4d5000 r-xp 00000000 fd:01 393502                     /lib/x86_64-linux-gnu/libz.so.1.2.8
7f712b4d5000-7f712b6d4000 ---p 00018000 fd:01 393502                     /lib/x86_64-linux-gnu/libz.so.1.2.8
7f712b6d4000-7f712b6d5000 r--p 00017000 fd:01 393502                     /lib/x86_64-linux-gnu/libz.so.1.2.8
7f712b6d5000-7f712b6d6000 rw-p 00018000 fd:01 393502                     /lib/x86_64-linux-gnu/libz.so.1.2.8
7f712b6d6000-7f712b6ef000 r-xp 00000000 fd:01 406774                     /lib/x86_64-linux-gnu/libpthread-2.19.so
7f712b6ef000-7f712b8ee000 ---p 00019000 fd:01 406774                     /lib/x86_64-linux-gnu/libpthread-2.19.so
7f712b8ee000-7f712b8ef000 r--p 00018000 fd:01 406774                     /lib/x86_64-linux-gnu/libpthread-2.19.so
7f712b8ef000-7f712b8f0000 rw-p 00019000 fd:01 406774                     /lib/x86_64-linux-gnu/libpthread-2.19.so
7f712b8f0000-7f712b8f4000 rw-p 00000000 00:00 0 
7f712b8f4000-7f712b8f7000 r-xp 00000000 fd:01 406762                     /lib/x86_64-linux-gnu/libdl-2.19.so
7f712b8f7000-7f712baf6000 ---p 00003000 fd:01 406762                     /lib/x86_64-linux-gnu/libdl-2.19.so
7f712baf6000-7f712baf7000 r--p 00002000 fd:01 406762                     /lib/x86_64-linux-gnu/libdl-2.19.so
7f712baf7000-7f712baf8000 rw-p 00003000 fd:01 406762                     /lib/x86_64-linux-gnu/libdl-2.19.so
7f712baf8000-7f712bcb3000 r-xp 00000000 fd:01 406773                     /lib/x86_64-linux-gnu/libc-2.19.so
7f712bcb3000-7f712beb2000 ---p 001bb000 fd:01 406773                     /lib/x86_64-linux-gnu/libc-2.19.so
7f712beb2000-7f712beb6000 r--p 001ba000 fd:01 406773                     /lib/x86_64-linux-gnu/libc-2.19.so
7f712beb6000-7f712beb8000 rw-p 001be000 fd:01 406773                     /lib/x86_64-linux-gnu/libc-2.19.so
7f712beb8000-7f712bebd000 rw-p 00000000 00:00 0 
7f712bebd000-7f712beca000 r-xp 00000000 fd:01 1075928                    /usr/lib/jvm/java-7-openjdk-amd64/jre/lib/amd64/jli/libjli.so
7f712beca000-7f712c0c9000 ---p 0000d000 fd:01 1075928                    /usr/lib/jvm/java-7-openjdk-amd64/jre/lib/amd64/jli/libjli.so
7f712c0c9000-7f712c0ca000 r--p 0000c000 fd:01 1075928                    /usr/lib/jvm/java-7-openjdk-amd64/jre/lib/amd64/jli/libjli.so
7f712c0ca000-7f712c0cb000 rw-p 0000d000 fd:01 1075928                    /usr/lib/jvm/java-7-openjdk-amd64/jre/lib/amd64/jli/libjli.so
7f712c0cb000-7f712c0ee000 r-xp 00000000 fd:01 406770                     /lib/x86_64-linux-gnu/ld-2.19.so
7f712c0f0000-7f712c0f1000 rw-p 00000000 00:00 0 
7f712c0f1000-7f712c0f6000 r--s 0004d000 fd:01 1075899                    /usr/lib/jvm/java-7-openjdk-amd64/jre/lib/jsse.jar
7f712c0f6000-7f712c0f7000 r--s 00000000 fd:01 1204045                    /root/.m2/repository/clojure-complete/clojure-complete/0.2.3/clojure-complete-0.2.3.jar
7f712c0f7000-7f712c0f8000 r--s 00009000 fd:01 1204029                    /root/.m2/repository/org/clojure/tools.nrepl/0.2.10/tools.nrepl-0.2.10.jar
7f712c0f8000-7f712c0fc000 r--s 0003c000 fd:01 1075912                    /usr/lib/jvm/java-7-openjdk-amd64/jre/lib/ext/sunpkcs11.jar
7f712c0fc000-7f712c100000 r--s 00085000 fd:01 1075909                    /usr/lib/jvm/java-7-openjdk-amd64/jre/lib/ext/localedata.jar
7f712c100000-7f712c104000 r--s 00034000 fd:01 1075911                    /usr/lib/jvm/java-7-openjdk-amd64/jre/lib/ext/sunjce_provider.jar
7f712c104000-7f712c107000 r--s 0000f000 fd:01 1075913                    /usr/lib/jvm/java-7-openjdk-amd64/jre/lib/ext/icedtea-sound.jar
7f712c107000-7f712c109000 r--s 00012000 fd:01 1075914                    /usr/lib/jvm/java-7-openjdk-amd64/jre/lib/ext/zipfs.jar
7f712c109000-7f712c129000 rw-p 00000000 00:00 0 
7f712c129000-7f712c132000 rw-p 00000000 00:00 0 
7f712c132000-7f712c17b000 rw-p 00000000 00:00 0 
7f712c17b000-7f712c184000 rw-p 00000000 00:00 0 
7f712c184000-7f712c18f000 rw-p 00000000 00:00 0 
7f712c18f000-7f712c1d7000 rw-p 00000000 00:00 0 
7f712c1d7000-7f712c1d8000 rw-p 00000000 00:00 0 
7f712c1d8000-7f712c1db000 ---p 00000000 00:00 0 
7f712c1db000-7f712c2de000 rw-p 00000000 00:00 0                          [stack:14315]
7f712c2de000-7f712c2df000 r--s 00002000 fd:01 1075910                    /usr/lib/jvm/java-7-openjdk-amd64/jre/lib/ext/dnsns.jar
7f712c2df000-7f712c2e1000 r--s 00006000 fd:01 1076091                    /usr/share/java/java-atk-wrapper.jar
7f712c2e1000-7f712c2e9000 rw-s 00000000 fd:01 265616                     /tmp/hsperfdata_root/14311
7f712c2e9000-7f712c2ea000 rw-p 00000000 00:00 0 
7f712c2ea000-7f712c2eb000 ---p 00000000 00:00 0 
7f712c2eb000-7f712c2ed000 rw-p 00000000 00:00 0 
7f712c2ed000-7f712c2ee000 r--p 00022000 fd:01 406770                     /lib/x86_64-linux-gnu/ld-2.19.so
7f712c2ee000-7f712c2ef000 rw-p 00023000 fd:01 406770                     /lib/x86_64-linux-gnu/ld-2.19.so
7f712c2ef000-7f712c2f0000 rw-p 00000000 00:00 0 
7fff5a65f000-7fff5a680000 rw-p 00000000 00:00 0                          [stack]
7fff5a745000-7fff5a747000 r-xp 00000000 00:00 0                          [vdso]
ffffffffff600000-ffffffffff601000 r-xp 00000000 00:00 0                  [vsyscall]

VM Arguments:
jvm_args: -Dfile.encoding=UTF-8 -XX:+TieredCompilation -XX:TieredStopAtLevel=1 -XX:-OmitStackTraceInFastThrow -Dclojure.compile.path=/root/clojure/euler/target/base+system+user+dev/classes -Deuler.version=0.1.0-SNAPSHOT -Dclojure.debug=false 
java_command: clojure.main -i /tmp/form-init1518988387096636444.clj
Launcher Type: SUN_STANDARD

Environment Variables:
CLASSPATH=/root/.lein/self-installs/leiningen-2.5.3-standalone.jar
PATH=/root/bin/terraform:/usr/local/bin:/usr/local/heroku/bin:/root/bin:/usr/local/bin:/usr/local/bin:/root/bin/terraform:/usr/local/bin:/usr/local/heroku/bin:/root/bin:/usr/local/bin:/usr/local/bin:/usr/local/sbin:/usr/local/bin:/usr/sbin:/usr/bin:/sbin:/bin:/usr/games:/usr/local/games
SHELL=/bin/bash

Signal Handlers:
SIGSEGV: [libjvm.so+0x94bab0], sa_mask[0]=0x7ffbfeff, sa_flags=0x10000004
SIGBUS: [libjvm.so+0x94bab0], sa_mask[0]=0x7ffbfeff, sa_flags=0x10000004
SIGFPE: [libjvm.so+0x7c38b0], sa_mask[0]=0x7ffbfeff, sa_flags=0x10000004
SIGPIPE: [libjvm.so+0x7c38b0], sa_mask[0]=0x7ffbfeff, sa_flags=0x10000004
SIGXFSZ: [libjvm.so+0x7c38b0], sa_mask[0]=0x7ffbfeff, sa_flags=0x10000004
SIGILL: [libjvm.so+0x7c38b0], sa_mask[0]=0x7ffbfeff, sa_flags=0x10000004
SIGUSR1: SIG_DFL, sa_mask[0]=0x00000000, sa_flags=0x00000000
SIGUSR2: [libjvm.so+0x7c3750], sa_mask[0]=0x00000004, sa_flags=0x10000004
SIGHUP: [libjvm.so+0x7c3930], sa_mask[0]=0x7ffbfeff, sa_flags=0x10000004
SIGINT: [libjvm.so+0x7c3930], sa_mask[0]=0x7ffbfeff, sa_flags=0x10000004
SIGTERM: [libjvm.so+0x7c3930], sa_mask[0]=0x7ffbfeff, sa_flags=0x10000004
SIGQUIT: [libjvm.so+0x7c3930], sa_mask[0]=0x7ffbfeff, sa_flags=0x10000004
SIGTRAP: SIG_DFL, sa_mask[0]=0x00000000, sa_flags=0x00000000


---------------  S Y S T E M  ---------------

OS:Ubuntu 14.04 (trusty)
uname:Linux 3.13.0-37-generic #64-Ubuntu SMP Mon Sep 22 21:28:38 UTC 2014 x86_64
libc:glibc 2.19 NPTL 2.19 
rlimit: STACK 8192k, CORE 0k, NPROC 3750, NOFILE 4096, AS infinity
load average:0.08 0.03 0.05

/proc/meminfo:
MemTotal:         501808 kB
MemFree:            6796 kB
Buffers:             228 kB
Cached:             7476 kB
SwapCached:            0 kB
Active:           449176 kB
Inactive:           4128 kB
Active(anon):     445720 kB
Inactive(anon):      252 kB
Active(file):       3456 kB
Inactive(file):     3876 kB
Unevictable:           0 kB
Mlocked:               0 kB
SwapTotal:             0 kB
SwapFree:              0 kB
Dirty:               112 kB
Writeback:             0 kB
AnonPages:        445624 kB
Mapped:             3920 kB
Shmem:               348 kB
Slab:              19768 kB
SReclaimable:      10824 kB
SUnreclaim:         8944 kB
KernelStack:         992 kB
PageTables:         4628 kB
NFS_Unstable:          0 kB
Bounce:                0 kB
WritebackTmp:          0 kB
CommitLimit:      250904 kB
Committed_AS:     476388 kB
VmallocTotal:   34359738367 kB
VmallocUsed:       10792 kB
VmallocChunk:   34359720920 kB
HardwareCorrupted:     0 kB
AnonHugePages:         0 kB
HugePages_Total:       0
HugePages_Free:        0
HugePages_Rsvd:        0
HugePages_Surp:        0
Hugepagesize:       2048 kB
DirectMap4k:      339960 kB
DirectMap2M:      184320 kB
DirectMap1G:           0 kB


CPU:total 1 (1 cores per cpu, 1 threads per core) family 6 model 62 stepping 4, cmov, cx8, fxsr, mmx, sse, sse2, sse3, ssse3, sse4.1, sse4.2, popcnt, avx, aes, erms, tsc

/proc/cpuinfo:
processor	: 0
vendor_id	: GenuineIntel
cpu family	: 6
model		: 62
model name	: Intel(R) Xeon(R) CPU E5-2630L v2 @ 2.40GHz
stepping	: 4
microcode	: 0x1
cpu MHz		: 2399.998
cache size	: 15360 KB
physical id	: 0
siblings	: 1
core id		: 0
cpu cores	: 1
apicid		: 0
initial apicid	: 0
fpu		: yes
fpu_exception	: yes
cpuid level	: 13
wp		: yes
flags		: fpu vme de pse tsc msr pae mce cx8 apic sep mtrr pge mca cmov pat pse36 clflush mmx fxsr sse sse2 ss syscall nx pdpe1gb rdtscp lm constant_tsc arch_perfmon rep_good nopl eagerfpu pni pclmulqdq vmx ssse3 cx16 pcid sse4_1 sse4_2 x2apic popcnt tsc_deadline_timer aes xsave avx f16c rdrand hypervisor lahf_lm xsaveopt vnmi ept fsgsbase tsc_adjust smep erms
bogomips	: 4799.99
clflush size	: 64
cache_alignment	: 64
address sizes	: 40 bits physical, 48 bits virtual
power management:



Memory: 4k page, physical 501808k(6796k free), swap 0k(0k free)

vm_info: OpenJDK 64-Bit Server VM (24.79-b02) for linux-amd64 JRE (1.7.0_79-b14), built on Jul 24 2015 08:15:54 by "buildd" with gcc 4.8.2

time: Sat Oct 17 10:54:16 2015
elapsed time: 358693 seconds

